<?xml version="1.0" encoding="UTF-8"?>
<!-- Generated by org.testng.reporters.JUnitXMLReporter -->
<testsuite ignored="0" hostname="DESKTOP-6CA8R65" failures="0" tests="8" name="Test" time="19.868" errors="0" timestamp="2023-12-12T13:37:20 PST">
  <testcase classname="testPractice_Level01.ActionVsActions_06" name="test" time="0.369"/>
  <testcase classname="testPractice_Level01.InnerFrame_type02_10" name="f" time="0.199"/>
  <testcase classname="testPractice_Level01.BrowserLaunch_01" name="f" time="0.001"/>
  <testcase classname="testPractice_Level01.Dropdown_02" name="f" time="0.0"/>
  <testcase classname="testPractice_Level01.Inneriframe09" name="f" time="0.285"/>
  <testcase classname="testPractice_Level01.FileUpload_07" name="usingRobot" time="2.264"/>
  <testcase classname="testPractice_Level01.ScreenShot_05" name="test" time="6.999"/>
  <testcase classname="testPractice_Level01.HandlingSlider_03" name="test" time="0.901"/>
</testsuite> <!-- Test -->
